hlcsg v3.4 VL33 (Feb  2 2014)
Zoner's Half-Life Compilation Tools -- Custom Build
Based on code modifications by Sean 'Zoner' Cavanaugh
Based on Valve's version, modified with permission.
Submit detailed bug reports to (vluzacn@163.com)
-----  BEGIN  hlcsg -----
Command line: "C:/Program Files/J.A.C.K./halflife/hlcsg.exe" "C:\Program Files (x86)\Steam\steamapps\common\Half-Life\lad\maps\slimshady" 
Arguments: "C:\Program Files (x86)\Steam\steamapps\common\Half-Life\lad\maps\slimshady" -low -wadautodetect 
Entering C:\Program Files (x86)\Steam\steamapps\common\Half-Life\lad\maps\slimshady.map

Current hlcsg Settings
Name                 |  Setting  |  Default
---------------------|-----------|-------------------------
threads               [       2 ] [  Varies ]
verbose               [     off ] [     off ]
log                   [      on ] [      on ]
reset logfile         [      on ] [      on ]
developer             [       0 ] [       0 ]
chart                 [     off ] [     off ]
estimate              [     off ] [     off ]
max texture memory    [ 33554432 ] [ 33554432 ]
max lighting memory   [ 50331648 ] [ 50331648 ]
priority              [     Low ] [  Normal ]

noclip                [     off ] [     off ]
null texture stripping[      on ] [      on ]
clipnode economy mode [     off ] [     off ]
clip hull type        [  simple ] [  simple ]
onlyents              [     off ] [     off ]
wadtextures           [      on ] [      on ]
skyclip               [      on ] [      on ]
hullfile              [    None ] [    None ]
wad configuration file[    None ] [    None ]
wad.cfg group name    [    None ] [    None ]
nullfile              [    None ] [    None ]
nullify trigger       [      on ] [      on ]
min surface area      [   0.000 ] [   0.000 ]
brush union threshold [   0.000 ] [   0.000 ]
map scaling           [    None ] [    None ]
light name optimize   [      on ] [      on ]
UTF8 game_text        [      on ] [      on ]

Using mapfile wad configuration
Wadfiles not in use by the map will be excluded
Wadinclude list :
[zhlt.wad]

CreateBrush:
 (0.01 seconds)
CSGBrush:
 (0.62 seconds)

Using Wadfile: \Program Files (x86)\Steam\steamapps\common\Half-Life\valve\halflife.wad
 - Contains 3 used textures, 75.00 percent of map (3116 textures in wad)
Using Wadfile: \Program Files (x86)\Steam\steamapps\common\Half-Life\valve\liquids.wad
 - Contains 1 used texture, 25.00 percent of map (32 textures in wad)

Wad files required to run the map: "halflife.wad;liquids.wad;"
Texture usage is at 0.08 mb (of 32.00 mb MAX)
0.89 seconds elapsed

-----   END   hlcsg -----



hlbsp v3.4 VL33 (Feb  2 2014)
Zoner's Half-Life Compilation Tools -- Custom Build
Based on code modifications by Sean 'Zoner' Cavanaugh
Based on Valve's version, modified with permission.
Submit detailed bug reports to (vluzacn@163.com)
-----  BEGIN  hlbsp -----
Command line: "C:/Program Files/J.A.C.K./halflife/hlbsp.exe" "C:\Program Files (x86)\Steam\steamapps\common\Half-Life\lad\maps\slimshady" 
Arguments: "C:\Program Files (x86)\Steam\steamapps\common\Half-Life\lad\maps\slimshady" -low -chart 

Current hlbsp Settings
Name               |  Setting  |  Default
-------------------|-----------|-------------------------
threads             [       2 ] [  Varies ]
verbose             [     off ] [     off ]
log                 [      on ] [      on ]
developer           [       0 ] [       0 ]
chart               [      on ] [     off ]
estimate            [     off ] [     off ]
max texture memory  [ 33554432 ] [ 33554432 ]
priority            [     Low ] [  Normal ]

noclip              [     off ] [     off ]
nofill              [     off ] [     off ]
noinsidefill        [     off ] [     off ]
noopt               [     off ] [     off ]
no clipnode merging [     off ] [     off ]
null tex. stripping [      on ] [      on ]
notjunc             [     off ] [     off ]
nobrink             [     off ] [     off ]
subdivide size      [     240 ] [     240 ] (Min 64) (Max 512)
max node size       [    1024 ] [    1024 ] (Min 64) (Max 65536)
remove hull 2       [     off ] [     off ]


SolidBSP [hull 0] 31 (0.01 seconds)
BSP generation successful, writing portal file 'C:\Program Files (x86)\Steam\steamapps\common\Half-Life\lad\maps\slimshady.prt'
SolidBSP [hull 1] 33 (0.01 seconds)
SolidBSP [hull 2] 31 (0.02 seconds)
SolidBSP [hull 3] 37 (0.01 seconds)
Reduced 80 clipnodes to 80
Reduced 18 texinfos to 11
Reduced 4 texdatas to 4 (180 bytes to 180)
Reduced 284 planes to 75
FixBrinks:
Increased 80 clipnodes to 80.

Object names  Objects/Maxobjs  Memory / Maxmem  Fullness
------------  ---------------  ---------------  --------
models              3/512          192/32768    ( 0.6%)
planes             75/32768       1500/655360   ( 0.2%)
vertexes           82/65535        984/786420   ( 0.1%)
nodes              24/32767        576/786408   ( 0.1%)
texinfos           11/32767        440/1310680  ( 0.0%)
faces              80/65535       1600/1310700  ( 0.1%)
* worldfaces       74/32768          0/0        ( 0.2%)
clipnodes          80/32767        640/262136   ( 0.2%)
leaves             21/32760        588/917280   ( 0.1%)
* worldleaves       7/8192           0/0        ( 0.1%)
marksurfaces       92/65535        184/131070   ( 0.1%)
surfedges         400/512000      1600/2048000  ( 0.1%)
edges             201/256000       804/1024000  ( 0.1%)
texdata          [variable]        180/33554432 ( 0.0%)
lightdata        [variable]          0/50331648 ( 0.0%)
visdata          [variable]          0/8388608  ( 0.0%)
entdata          [variable]        814/2097152  ( 0.0%)
* AllocBlock        1/64             0/0        ( 1.6%)
4 textures referenced
=== Total BSP file data space used: 10102 bytes ===
Wad files required to run the map: "halflife.wad;liquids.wad;"
0.95 seconds elapsed

-----   END   hlbsp -----



hlvis v3.4 VL33 (Feb  2 2014)
Zoner's Half-Life Compilation Tools -- Custom Build
Based on code modifications by Sean 'Zoner' Cavanaugh
Based on Valve's version, modified with permission.
Submit detailed bug reports to (vluzacn@163.com)
-----  BEGIN  hlvis -----
Command line: "C:/Program Files/J.A.C.K./halflife/hlvis.exe" "C:\Program Files (x86)\Steam\steamapps\common\Half-Life\lad\maps\slimshady" 
Arguments: "C:\Program Files (x86)\Steam\steamapps\common\Half-Life\lad\maps\slimshady" -low 
   7 portalleafs
   6 numportals

-= Current hlvis Settings =-
Name               |  Setting  |  Default
-------------------|-----------|-------------------------
threads             [       2 ] [  Varies ]
verbose             [     off ] [     off ]
log                 [      on ] [      on ]
developer           [       0 ] [       0 ]
chart               [     off ] [     off ]
estimate            [     off ] [     off ]
max texture memory  [ 33554432 ] [ 33554432 ]
max vis distance    [       0 ] [       0 ]
priority            [     Low ] [  Normal ]

fast vis            [     off ] [     off ]
full vis            [     off ] [     off ]


BasePortalVis:
 (0.04 seconds)
LeafThread:
 (0.00 seconds)
average leafs visible: 3
g_visdatasize:7  compressed from 7
0.13 seconds elapsed

-----   END   hlvis -----



hlrad v3.4 VL33 (Feb  2 2014)
Zoner's Half-Life Compilation Tools -- Custom Build
Based on code modifications by Sean 'Zoner' Cavanaugh
Based on Valve's version, modified with permission.
Submit detailed bug reports to (vluzacn@163.com)
-----  BEGIN  hlrad -----
Command line: "C:/Program Files/J.A.C.K./halflife/hlrad.exe" "C:\Program Files (x86)\Steam\steamapps\common\Half-Life\lad\maps\slimshady" 
Arguments: "C:\Program Files (x86)\Steam\steamapps\common\Half-Life\lad\maps\slimshady" -low 

-= Current hlrad Settings =-
Name                | Setting             | Default
--------------------|---------------------|-------------------------
threads              [                 2 ] [            Varies ]
verbose              [               off ] [               off ]
log                  [                on ] [                on ]
developer            [                 0 ] [                 0 ]
chart                [               off ] [               off ]
estimate             [               off ] [               off ]
max texture memory   [          33554432 ] [          33554432 ]
max lighting memory  [          50331648 ] [          50331648 ]
priority             [               Low ] [            Normal ]

fast rad             [               off ] [               off ]
vismatrix algorithm  [            Sparse ] [            Sparse ]
oversampling (-extra)[               off ] [               off ]
bounces              [                 8 ] [                 8 ]
ambient light        [ 0.000 0.000 0.000 ] [ 0.000 0.000 0.000 ]
light limit threshold[           188.000 ] [           188.000 ]
circus mode          [               off ] [               off ]

smoothing threshold  [            50.000 ] [            50.000 ]
smoothing threshold 2[         no change ] [         no change ]
direct threshold     [            10.000 ] [            10.000 ]
direct light scale   [             1.000 ] [             1.000 ]
coring threshold     [             0.010 ] [             0.010 ]
patch interpolation  [                on ] [                on ]

texscale             [                on ] [                on ]
patch subdividing    [                on ] [                on ]
chop value           [            64.000 ] [            64.000 ]
texchop value        [            32.000 ] [            32.000 ]

global fade          [             1.000 ] [             1.000 ]
global light scale   [ 2.000 2.000 2.000 ] [ 2.000 2.000 2.000 ]
global gamma         [ 0.550 0.550 0.550 ] [ 0.550 0.550 0.550 ]
global light scale   [             2.000 ] [             2.000 ]
global sky diffusion [             1.000 ] [             1.000 ]

spread angles        [                on ] [                on ]
opaque entities      [                on ] [                on ]
sky lighting fix     [                on ] [                on ]
incremental          [               off ] [               off ]
dump                 [               off ] [               off ]

colour jitter        [       0.0 0.0 0.0 ] [       0.0 0.0 0.0 ]
monochromatic jitter [       0.0 0.0 0.0 ] [       0.0 0.0 0.0 ]

custom shadows with bounce light
                     [               off ] [               off ]
rgb transfers        [               off ] [               off ]
minimum final light  [                 0 ] [                 0 ]
size of transfer     [         1 (16bit) ] [         1 (16bit) ]
size of rgbtransfer  [         2 (32bit) ] [         2 (32bit) ]
soft sky             [                on ] [                on ]
translucent depth    [             2.000 ] [             2.000 ]
block opaque         [                on ] [                on ]
ignore textures      [               off ] [               off ]
reflectivity gamma   [             1.760 ] [             1.760 ]
reflectivity scale   [             0.700 ] [             0.700 ]
blur size            [             1.500 ] [             1.500 ]
no emitter range     [               off ] [               off ]
wall bleeding fix    [                on ] [                on ]


Load Textures:
Using Wadfile: C:\Program Files (x86)\Steam\steamapps\common\Half-Life\lad\maps\slimshady.wa_
4 textures referenced
Reading texlights from 'C:\Program Files\J.A.C.K\halflife\lights.rad'
0 opaque models
0 opaque faces
80 faces
Create Patches : 463 base patches
8325 square feet [1198868.88 square inches]
1 direct lights and 0 fast direct lights
1 light styles

FindFacePositions:
 (0.33 seconds)
BuildFacelights:
 (0.44 seconds)
BuildVisLeafs:
 (0.05 seconds)
visibility matrix   :   0.0 megs
MakeScales:
 (0.43 seconds)
Transfer Lists :       57256 :    57.26k transfers
       Indices :       17860 :    17.44k bytes
          Data :      115901 :   113.18k bytes
Bounce 1 GatherLight:
 (0.05 seconds)
Bounce 2 GatherLight:
 (0.02 seconds)
Bounce 3 GatherLight:
 (0.01 seconds)
Bounce 4 GatherLight:
 (0.03 seconds)
Bounce 5 GatherLight:
 (0.02 seconds)
Bounce 6 GatherLight:
 (0.01 seconds)
Bounce 7 GatherLight:
 (0.04 seconds)
Bounce 8 GatherLight:
 (0.02 seconds)
CreateTriangulations:
 (0.09 seconds)
AddPatchLights:
 (0.56 seconds)
FinalLightFace:
 (0.01 seconds)
3.27 seconds elapsed

-----   END   hlrad -----



