hlcsg v3.4 VL33 (Feb  2 2014)
Zoner's Half-Life Compilation Tools -- Custom Build
Based on code modifications by Sean 'Zoner' Cavanaugh
Based on Valve's version, modified with permission.
Submit detailed bug reports to (vluzacn@163.com)
-----  BEGIN  hlcsg -----
Command line: C:/PROGRA~1/JAC~1.K/halflife/hlcsg.exe "C:\Program Files (x86)\Steam\steamapps\common\Half-Life\lad\maps\toysoliders" 
Arguments: "C:\Program Files (x86)\Steam\steamapps\common\Half-Life\lad\maps\toysoliders" -low -wadautodetect 
Entering C:\Program Files (x86)\Steam\steamapps\common\Half-Life\lad\maps\toysoliders.map

Current hlcsg Settings
Name                 |  Setting  |  Default
---------------------|-----------|-------------------------
threads               [       2 ] [  Varies ]
verbose               [     off ] [     off ]
log                   [      on ] [      on ]
reset logfile         [      on ] [      on ]
developer             [       0 ] [       0 ]
chart                 [     off ] [     off ]
estimate              [     off ] [     off ]
max texture memory    [ 33554432 ] [ 33554432 ]
max lighting memory   [ 50331648 ] [ 50331648 ]
priority              [     Low ] [  Normal ]

noclip                [     off ] [     off ]
null texture stripping[      on ] [      on ]
clipnode economy mode [     off ] [     off ]
clip hull type        [  simple ] [  simple ]
onlyents              [     off ] [     off ]
wadtextures           [      on ] [      on ]
skyclip               [      on ] [      on ]
hullfile              [    None ] [    None ]
wad configuration file[    None ] [    None ]
wad.cfg group name    [    None ] [    None ]
nullfile              [    None ] [    None ]
nullify trigger       [      on ] [      on ]
min surface area      [   0.000 ] [   0.000 ]
brush union threshold [   0.000 ] [   0.000 ]
map scaling           [    None ] [    None ]
light name optimize   [      on ] [      on ]
UTF8 game_text        [      on ] [      on ]

Using mapfile wad configuration
Wadfiles not in use by the map will be excluded
Wadinclude list :
[zhlt.wad]

CreateBrush:
 (0.21 seconds)
CSGBrush:
 (0.51 seconds)

added 2 additional animating textures.
Using Wadfile: \program files (x86)\steam\steamapps\common\half-life\valve\xeno.wad
 - Contains 2 used textures, 4.08 percent of map (264 textures in wad)
Using Wadfile: \program files (x86)\steam\steamapps\common\half-life\valve\halflife.wad
 - Contains 47 used textures, 95.92 percent of map (3116 textures in wad)

Wad files required to run the map: "xeno.wad;halflife.wad;"
Texture usage is at 0.26 mb (of 32.00 mb MAX)
1.02 seconds elapsed

-----   END   hlcsg -----



hlbsp v3.4 VL33 (Feb  2 2014)
Zoner's Half-Life Compilation Tools -- Custom Build
Based on code modifications by Sean 'Zoner' Cavanaugh
Based on Valve's version, modified with permission.
Submit detailed bug reports to (vluzacn@163.com)
-----  BEGIN  hlbsp -----
Command line: C:\PROGRA~1\JAC~1.K\halflife\hlbsp.exe "C:\Program Files (x86)\Steam\steamapps\common\Half-Life\lad\maps\toysoliders" 
Arguments: "C:\Program Files (x86)\Steam\steamapps\common\Half-Life\lad\maps\toysoliders" -low -chart 

Current hlbsp Settings
Name               |  Setting  |  Default
-------------------|-----------|-------------------------
threads             [       2 ] [  Varies ]
verbose             [     off ] [     off ]
log                 [      on ] [      on ]
developer           [       0 ] [       0 ]
chart               [      on ] [     off ]
estimate            [     off ] [     off ]
max texture memory  [ 33554432 ] [ 33554432 ]
priority            [     Low ] [  Normal ]

noclip              [     off ] [     off ]
nofill              [     off ] [     off ]
noinsidefill        [     off ] [     off ]
noopt               [     off ] [     off ]
no clipnode merging [     off ] [     off ]
null tex. stripping [      on ] [      on ]
notjunc             [     off ] [     off ]
nobrink             [     off ] [     off ]
subdivide size      [     240 ] [     240 ] (Min 64) (Max 512)
max node size       [    1024 ] [    1024 ] (Min 64) (Max 65536)
remove hull 2       [     off ] [     off ]


SolidBSP [hull 0] 467 (0.24 seconds)
BSP generation successful, writing portal file 'C:\Program Files (x86)\Steam\steamapps\common\Half-Life\lad\maps\toysoliders.prt'
SolidBSP [hull 1] 244 (0.11 seconds)
SolidBSP [hull 2] 227 (0.08 seconds)
SolidBSP [hull 3] 240 (0.09 seconds)
Reduced 788 clipnodes to 764
Reduced 250 texinfos to 206
Reduced 49 texdatas to 47 (2160 bytes to 2072)
Reduced 2580 planes to 614
FixBrinks:
Increased 764 clipnodes to 764.
Warning: Bad surface extents 6448/16 at position (156,-1663,-381)
Warning: Bad surface extents 6448/16 at position (78,-1664,-381)

Object names  Objects/Maxobjs  Memory / Maxmem  Fullness
------------  ---------------  ---------------  --------
models             15/512          960/32768    ( 2.9%)
planes            614/32768      12280/655360   ( 1.9%)
vertexes         1478/65535      17736/786420   ( 2.3%)
nodes             492/32767      11808/786408   ( 1.5%)
texinfos          206/32767       8240/1310680  ( 0.6%)
faces            1022/65535      20440/1310700  ( 1.6%)
* worldfaces      928/32768          0/0        ( 2.8%)
clipnodes         764/32767       6112/262136   ( 2.3%)
leaves            341/32760       9548/917280   ( 1.0%)
* worldleaves     256/8192           0/0        ( 3.1%)
marksurfaces     1496/65535       2992/131070   ( 2.3%)
surfedges        4956/512000     19824/2048000  ( 1.0%)
edges            2479/256000      9916/1024000  ( 1.0%)
texdata          [variable]       2072/33554432 ( 0.0%)
lightdata        [variable]          0/50331648 ( 0.0%)
visdata          [variable]          0/8388608  ( 0.0%)
entdata          [variable]       5113/2097152  ( 0.2%)
* AllocBlock        3/64             0/0        ( 4.7%)
47 textures referenced
=== Total BSP file data space used: 127041 bytes ===
Wad files required to run the map: "xeno.wad;halflife.wad;"
2.44 seconds elapsed

-----   END   hlbsp -----



hlvis v3.4 VL33 (Feb  2 2014)
Zoner's Half-Life Compilation Tools -- Custom Build
Based on code modifications by Sean 'Zoner' Cavanaugh
Based on Valve's version, modified with permission.
Submit detailed bug reports to (vluzacn@163.com)
-----  BEGIN  hlvis -----
Command line: C:/PROGRA~1/JAC~1.K/halflife/hlvis.exe -fast "C:\Program Files (x86)\Steam\steamapps\common\Half-Life\lad\maps\toysoliders" 
Arguments: -fast "C:\Program Files (x86)\Steam\steamapps\common\Half-Life\lad\maps\toysoliders" -low 
 256 portalleafs
 778 numportals

-= Current hlvis Settings =-
Name               |  Setting  |  Default
-------------------|-----------|-------------------------
threads             [       2 ] [  Varies ]
verbose             [     off ] [     off ]
log                 [      on ] [      on ]
developer           [       0 ] [       0 ]
chart               [     off ] [     off ]
estimate            [     off ] [     off ]
max texture memory  [ 33554432 ] [ 33554432 ]
max vis distance    [       0 ] [       0 ]
priority            [     Low ] [  Normal ]

fast vis            [      on ] [     off ]
full vis            [     off ] [     off ]


BasePortalVis:
 (0.24 seconds)
average leafs visible: 123
g_visdatasize:5457  compressed from 8192
0.34 seconds elapsed

-----   END   hlvis -----



hlrad v3.4 VL33 (Feb  2 2014)
Zoner's Half-Life Compilation Tools -- Custom Build
Based on code modifications by Sean 'Zoner' Cavanaugh
Based on Valve's version, modified with permission.
Submit detailed bug reports to (vluzacn@163.com)
-----  BEGIN  hlrad -----
Command line: C:/PROGRA~1/JAC~1.K/halflife/hlrad.exe "C:\Program Files (x86)\Steam\steamapps\common\Half-Life\lad\maps\toysoliders" 
Arguments: "C:\Program Files (x86)\Steam\steamapps\common\Half-Life\lad\maps\toysoliders" -low 

-= Current hlrad Settings =-
Name                | Setting             | Default
--------------------|---------------------|-------------------------
threads              [                 2 ] [            Varies ]
verbose              [               off ] [               off ]
log                  [                on ] [                on ]
developer            [                 0 ] [                 0 ]
chart                [               off ] [               off ]
estimate             [               off ] [               off ]
max texture memory   [          33554432 ] [          33554432 ]
max lighting memory  [          50331648 ] [          50331648 ]
priority             [               Low ] [            Normal ]

fast rad             [               off ] [               off ]
vismatrix algorithm  [            Sparse ] [            Sparse ]
oversampling (-extra)[               off ] [               off ]
bounces              [                 8 ] [                 8 ]
ambient light        [ 0.000 0.000 0.000 ] [ 0.000 0.000 0.000 ]
light limit threshold[           188.000 ] [           188.000 ]
circus mode          [               off ] [               off ]

smoothing threshold  [            50.000 ] [            50.000 ]
smoothing threshold 2[         no change ] [         no change ]
direct threshold     [            10.000 ] [            10.000 ]
direct light scale   [             1.000 ] [             1.000 ]
coring threshold     [             0.010 ] [             0.010 ]
patch interpolation  [                on ] [                on ]

texscale             [                on ] [                on ]
patch subdividing    [                on ] [                on ]
chop value           [            64.000 ] [            64.000 ]
texchop value        [            32.000 ] [            32.000 ]

global fade          [             1.000 ] [             1.000 ]
global light scale   [ 2.000 2.000 2.000 ] [ 2.000 2.000 2.000 ]
global gamma         [ 0.550 0.550 0.550 ] [ 0.550 0.550 0.550 ]
global light scale   [             2.000 ] [             2.000 ]
global sky diffusion [             1.000 ] [             1.000 ]

spread angles        [                on ] [                on ]
opaque entities      [                on ] [                on ]
sky lighting fix     [                on ] [                on ]
incremental          [               off ] [               off ]
dump                 [               off ] [               off ]

colour jitter        [       0.0 0.0 0.0 ] [       0.0 0.0 0.0 ]
monochromatic jitter [       0.0 0.0 0.0 ] [       0.0 0.0 0.0 ]

custom shadows with bounce light
                     [               off ] [               off ]
rgb transfers        [               off ] [               off ]
minimum final light  [                 0 ] [                 0 ]
size of transfer     [         1 (16bit) ] [         1 (16bit) ]
size of rgbtransfer  [         2 (32bit) ] [         2 (32bit) ]
soft sky             [                on ] [                on ]
translucent depth    [             2.000 ] [             2.000 ]
block opaque         [                on ] [                on ]
ignore textures      [               off ] [               off ]
reflectivity gamma   [             1.760 ] [             1.760 ]
reflectivity scale   [             0.700 ] [             0.700 ]
blur size            [             1.500 ] [             1.500 ]
no emitter range     [               off ] [               off ]
wall bleeding fix    [                on ] [                on ]


Load Textures:
Using Wadfile: C:\Program Files (x86)\Steam\steamapps\common\Half-Life\lad\maps\toysoliders.wa_
47 textures referenced
Reading texlights from 'C:\PROGRA~1\JAC~1.K\halflife\lights.rad'
0 opaque models
0 opaque faces
1022 faces
Create Patches : 2788 base patches
37131 square feet [5346939.00 square inches]
4 direct lights and 0 fast direct lights
1 light styles

FindFacePositions:
 (2.27 seconds)
BuildFacelights:
Error: 
for Face 923 (texture ~light5f) at 
(156.000 -1663.000 -381.000) (156.000 -1664.000 -381.000) (156.000 -1664.000 -362.000) (156.000 -1663.000 -362.000) 
Error: Bad surface extents (403 x 1)
Check the file ZHLTProblems.html for a detailed explanation of this problem

-----   END   hlrad -----



